{"uid":"2e2dcf61129a6247","name":"Adicionando um produto ao carrinho com sucesso pelos hovers","fullName":"src/test/java/br/com/oticasdiniz/features/CartPage.feature:20","historyId":"58dd3f6909ca6012e1500fda47a8e52d","time":{"start":1718238710784,"stop":1718238711436,"duration":652},"status":"skipped","statusMessage":"Could not start a new session. Response code 500. Message: session not created: Chrome failed to start: exited normally.\n  (session not created: DevToolsActivePort file doesn't exist)\n  (The process started from chrome location /opt/google/chrome/chrome is no longer running, so ChromeDriver is assuming that Chrome has crashed.) \nHost info: host: 'fv-az881-86', ip: '10.1.0.151'\nBuild info: version: '4.8.2', revision: '826dbfc730'\nSystem info: os.name: 'Linux', os.arch: 'amd64', os.version: '6.5.0-1021-azure', java.version: '17.0.11'\nDriver info: org.openqa.selenium.chrome.ChromeDriver\nCommand: [null, newSession {capabilities=[Capabilities {browserName: chrome, goog:chromeOptions: {args: [--remote-allow-origins=*], extensions: []}}], desiredCapabilities=Capabilities {browserName: chrome, goog:chromeOptions: {args: [--remote-allow-origins=*], extensions: []}}}]","statusTrace":"org.openqa.selenium.SessionNotCreatedException: Could not start a new session. Response code 500. Message: session not created: Chrome failed to start: exited normally.\n  (session not created: DevToolsActivePort file doesn't exist)\n  (The process started from chrome location /opt/google/chrome/chrome is no longer running, so ChromeDriver is assuming that Chrome has crashed.) \nHost info: host: 'fv-az881-86', ip: '10.1.0.151'\nBuild info: version: '4.8.2', revision: '826dbfc730'\nSystem info: os.name: 'Linux', os.arch: 'amd64', os.version: '6.5.0-1021-azure', java.version: '17.0.11'\nDriver info: org.openqa.selenium.chrome.ChromeDriver\nCommand: [null, newSession {capabilities=[Capabilities {browserName: chrome, goog:chromeOptions: {args: [--remote-allow-origins=*], extensions: []}}], desiredCapabilities=Capabilities {browserName: chrome, goog:chromeOptions: {args: [--remote-allow-origins=*], extensions: []}}}]\n\tat org.openqa.selenium.remote.ProtocolHandshake.createSession(ProtocolHandshake.java:148)\n\tat org.openqa.selenium.remote.ProtocolHandshake.createSession(ProtocolHandshake.java:106)\n\tat org.openqa.selenium.remote.ProtocolHandshake.createSession(ProtocolHandshake.java:67)\n\tat org.openqa.selenium.remote.HttpCommandExecutor.execute(HttpCommandExecutor.java:165)\n\tat org.openqa.selenium.remote.service.DriverCommandExecutor.invokeExecute(DriverCommandExecutor.java:183)\n\tat org.openqa.selenium.remote.service.DriverCommandExecutor.execute(DriverCommandExecutor.java:158)\n\tat org.openqa.selenium.remote.RemoteWebDriver.execute(RemoteWebDriver.java:543)\n\tat org.openqa.selenium.remote.RemoteWebDriver.startSession(RemoteWebDriver.java:229)\n\tat org.openqa.selenium.remote.RemoteWebDriver.<init>(RemoteWebDriver.java:157)\n\tat org.openqa.selenium.chromium.ChromiumDriver.<init>(ChromiumDriver.java:101)\n\tat org.openqa.selenium.chrome.ChromeDriver.<init>(ChromeDriver.java:88)\n\tat org.openqa.selenium.chrome.ChromeDriver.<init>(ChromeDriver.java:84)\n\tat org.openqa.selenium.chrome.ChromeDriver.<init>(ChromeDriver.java:52)\n\tat br.com.oticasdiniz.factory.ChromeDriverManager.createDriver(ChromeDriverManager.java:12)\n\tat br.com.oticasdiniz.base.BaseTest.setup(BaseTest.java:43)\n\tat br.com.oticasdiniz.stepdef.Hooks.before(Hooks.java:16)\n","flaky":false,"newFailed":false,"newBroken":false,"newPassed":false,"retriesCount":0,"retriesStatusChange":false,"beforeStages":[{"name":"br.com.oticasdiniz.stepdef.Hooks.before(io.cucumber.java.Scenario)","time":{"start":1718238710784,"stop":1718238711432,"duration":648},"status":"broken","statusMessage":"BEFORE is failed: Could not start a new session. Response code 500. Message: session not created: Chrome failed to start: exited normally.\n  (session not created: DevToolsActivePort file doesn't exist)\n  (The process started from chrome location /opt/google/chrome/chrome is no longer running, so ChromeDriver is assuming that Chrome has crashed.) \nHost info: host: 'fv-az881-86', ip: '10.1.0.151'\nBuild info: version: '4.8.2', revision: '826dbfc730'\nSystem info: os.name: 'Linux', os.arch: 'amd64', os.version: '6.5.0-1021-azure', java.version: '17.0.11'\nDriver info: org.openqa.selenium.chrome.ChromeDriver\nCommand: [null, newSession {capabilities=[Capabilities {browserName: chrome, goog:chromeOptions: {args: [--remote-allow-origins=*], extensions: []}}], desiredCapabilities=Capabilities {browserName: chrome, goog:chromeOptions: {args: [--remote-allow-origins=*], extensions: []}}}]","statusTrace":"org.openqa.selenium.SessionNotCreatedException: Could not start a new session. Response code 500. Message: session not created: Chrome failed to start: exited normally.\n  (session not created: DevToolsActivePort file doesn't exist)\n  (The process started from chrome location /opt/google/chrome/chrome is no longer running, so ChromeDriver is assuming that Chrome has crashed.) \nHost info: host: 'fv-az881-86', ip: '10.1.0.151'\nBuild info: version: '4.8.2', revision: '826dbfc730'\nSystem info: os.name: 'Linux', os.arch: 'amd64', os.version: '6.5.0-1021-azure', java.version: '17.0.11'\nDriver info: org.openqa.selenium.chrome.ChromeDriver\nCommand: [null, newSession {capabilities=[Capabilities {browserName: chrome, goog:chromeOptions: {args: [--remote-allow-origins=*], extensions: []}}], desiredCapabilities=Capabilities {browserName: chrome, goog:chromeOptions: {args: [--remote-allow-origins=*], extensions: []}}}]\n\tat org.openqa.selenium.remote.ProtocolHandshake.createSession(ProtocolHandshake.java:148)\n\tat org.openqa.selenium.remote.ProtocolHandshake.createSession(ProtocolHandshake.java:106)\n\tat org.openqa.selenium.remote.ProtocolHandshake.createSession(ProtocolHandshake.java:67)\n\tat org.openqa.selenium.remote.HttpCommandExecutor.execute(HttpCommandExecutor.java:165)\n\tat org.openqa.selenium.remote.service.DriverCommandExecutor.invokeExecute(DriverCommandExecutor.java:183)\n\tat org.openqa.selenium.remote.service.DriverCommandExecutor.execute(DriverCommandExecutor.java:158)\n\tat org.openqa.selenium.remote.RemoteWebDriver.execute(RemoteWebDriver.java:543)\n\tat org.openqa.selenium.remote.RemoteWebDriver.startSession(RemoteWebDriver.java:229)\n\tat org.openqa.selenium.remote.RemoteWebDriver.<init>(RemoteWebDriver.java:157)\n\tat org.openqa.selenium.chromium.ChromiumDriver.<init>(ChromiumDriver.java:101)\n\tat org.openqa.selenium.chrome.ChromeDriver.<init>(ChromeDriver.java:88)\n\tat org.openqa.selenium.chrome.ChromeDriver.<init>(ChromeDriver.java:84)\n\tat org.openqa.selenium.chrome.ChromeDriver.<init>(ChromeDriver.java:52)\n\tat br.com.oticasdiniz.factory.ChromeDriverManager.createDriver(ChromeDriverManager.java:12)\n\tat br.com.oticasdiniz.base.BaseTest.setup(BaseTest.java:43)\n\tat br.com.oticasdiniz.stepdef.Hooks.before(Hooks.java:16)\n","steps":[],"attachments":[],"parameters":[],"shouldDisplayMessage":true,"stepsCount":0,"attachmentsCount":0,"hasContent":true}],"testStage":{"status":"skipped","statusMessage":"Could not start a new session. Response code 500. Message: session not created: Chrome failed to start: exited normally.\n  (session not created: DevToolsActivePort file doesn't exist)\n  (The process started from chrome location /opt/google/chrome/chrome is no longer running, so ChromeDriver is assuming that Chrome has crashed.) \nHost info: host: 'fv-az881-86', ip: '10.1.0.151'\nBuild info: version: '4.8.2', revision: '826dbfc730'\nSystem info: os.name: 'Linux', os.arch: 'amd64', os.version: '6.5.0-1021-azure', java.version: '17.0.11'\nDriver info: org.openqa.selenium.chrome.ChromeDriver\nCommand: [null, newSession {capabilities=[Capabilities {browserName: chrome, goog:chromeOptions: {args: [--remote-allow-origins=*], extensions: []}}], desiredCapabilities=Capabilities {browserName: chrome, goog:chromeOptions: {args: [--remote-allow-origins=*], extensions: []}}}]","statusTrace":"org.openqa.selenium.SessionNotCreatedException: Could not start a new session. Response code 500. Message: session not created: Chrome failed to start: exited normally.\n  (session not created: DevToolsActivePort file doesn't exist)\n  (The process started from chrome location /opt/google/chrome/chrome is no longer running, so ChromeDriver is assuming that Chrome has crashed.) \nHost info: host: 'fv-az881-86', ip: '10.1.0.151'\nBuild info: version: '4.8.2', revision: '826dbfc730'\nSystem info: os.name: 'Linux', os.arch: 'amd64', os.version: '6.5.0-1021-azure', java.version: '17.0.11'\nDriver info: org.openqa.selenium.chrome.ChromeDriver\nCommand: [null, newSession {capabilities=[Capabilities {browserName: chrome, goog:chromeOptions: {args: [--remote-allow-origins=*], extensions: []}}], desiredCapabilities=Capabilities {browserName: chrome, goog:chromeOptions: {args: [--remote-allow-origins=*], extensions: []}}}]\n\tat org.openqa.selenium.remote.ProtocolHandshake.createSession(ProtocolHandshake.java:148)\n\tat org.openqa.selenium.remote.ProtocolHandshake.createSession(ProtocolHandshake.java:106)\n\tat org.openqa.selenium.remote.ProtocolHandshake.createSession(ProtocolHandshake.java:67)\n\tat org.openqa.selenium.remote.HttpCommandExecutor.execute(HttpCommandExecutor.java:165)\n\tat org.openqa.selenium.remote.service.DriverCommandExecutor.invokeExecute(DriverCommandExecutor.java:183)\n\tat org.openqa.selenium.remote.service.DriverCommandExecutor.execute(DriverCommandExecutor.java:158)\n\tat org.openqa.selenium.remote.RemoteWebDriver.execute(RemoteWebDriver.java:543)\n\tat org.openqa.selenium.remote.RemoteWebDriver.startSession(RemoteWebDriver.java:229)\n\tat org.openqa.selenium.remote.RemoteWebDriver.<init>(RemoteWebDriver.java:157)\n\tat org.openqa.selenium.chromium.ChromiumDriver.<init>(ChromiumDriver.java:101)\n\tat org.openqa.selenium.chrome.ChromeDriver.<init>(ChromeDriver.java:88)\n\tat org.openqa.selenium.chrome.ChromeDriver.<init>(ChromeDriver.java:84)\n\tat org.openqa.selenium.chrome.ChromeDriver.<init>(ChromeDriver.java:52)\n\tat br.com.oticasdiniz.factory.ChromeDriverManager.createDriver(ChromeDriverManager.java:12)\n\tat br.com.oticasdiniz.base.BaseTest.setup(BaseTest.java:43)\n\tat br.com.oticasdiniz.stepdef.Hooks.before(Hooks.java:16)\n","steps":[{"name":"Dado  que estou na página inicial","time":{"start":1718238711432,"stop":1718238711433,"duration":1},"status":"skipped","steps":[],"attachments":[],"parameters":[],"shouldDisplayMessage":false,"stepsCount":0,"attachmentsCount":0,"hasContent":false},{"name":"E  passo o mouse por cima de Óculos de Grau","time":{"start":1718238711433,"stop":1718238711433,"duration":0},"status":"skipped","steps":[],"attachments":[],"parameters":[],"shouldDisplayMessage":false,"stepsCount":0,"attachmentsCount":0,"hasContent":false},{"name":"E  clicar na opção Emporio Armani","time":{"start":1718238711433,"stop":1718238711433,"duration":0},"status":"skipped","steps":[],"attachments":[],"parameters":[],"shouldDisplayMessage":false,"stepsCount":0,"attachmentsCount":0,"hasContent":false},{"name":"E  clicar no primeiro resultado da busca","time":{"start":1718238711434,"stop":1718238711434,"duration":0},"status":"skipped","steps":[],"attachments":[],"parameters":[],"shouldDisplayMessage":false,"stepsCount":0,"attachmentsCount":0,"hasContent":false},{"name":"E  inserir o CEP \"28010171\"","time":{"start":1718238711434,"stop":1718238711434,"duration":0},"status":"skipped","steps":[],"attachments":[],"parameters":[],"shouldDisplayMessage":false,"stepsCount":0,"attachmentsCount":0,"hasContent":false},{"name":"Quando  clicar no botão comprar","time":{"start":1718238711434,"stop":1718238711435,"duration":1},"status":"skipped","steps":[],"attachments":[],"parameters":[],"shouldDisplayMessage":false,"stepsCount":0,"attachmentsCount":0,"hasContent":false},{"name":"E  selecionar o a opção de sem grau e confirmar","time":{"start":1718238711435,"stop":1718238711435,"duration":0},"status":"skipped","steps":[],"attachments":[],"parameters":[],"shouldDisplayMessage":false,"stepsCount":0,"attachmentsCount":0,"hasContent":false},{"name":"Entao  o produto será adicionado ao carrinho","time":{"start":1718238711435,"stop":1718238711435,"duration":0},"status":"skipped","steps":[],"attachments":[],"parameters":[],"shouldDisplayMessage":false,"stepsCount":0,"attachmentsCount":0,"hasContent":false}],"attachments":[],"parameters":[],"shouldDisplayMessage":true,"stepsCount":8,"attachmentsCount":0,"hasContent":true},"afterStages":[{"name":"br.com.oticasdiniz.stepdef.Hooks.after(io.cucumber.java.Scenario)","time":{"start":1718238711435,"stop":1718238711436,"duration":1},"status":"broken","statusMessage":"AFTER is failed: Cannot invoke \"org.openqa.selenium.WebDriver.quit()\" because the return value of \"br.com.oticasdiniz.base.BaseTest.getDriver()\" is null","statusTrace":"java.lang.NullPointerException: Cannot invoke \"org.openqa.selenium.WebDriver.quit()\" because the return value of \"br.com.oticasdiniz.base.BaseTest.getDriver()\" is null\n\tat br.com.oticasdiniz.base.BaseTest.teardown(BaseTest.java:51)\n\tat br.com.oticasdiniz.stepdef.Hooks.after(Hooks.java:25)\n","steps":[],"attachments":[],"parameters":[],"shouldDisplayMessage":true,"stepsCount":0,"attachmentsCount":0,"hasContent":true}],"labels":[{"name":"tag","value":"allure.label.epic:Testes_carrinho"},{"name":"tag","value":"Test"},{"name":"tag","value":"TestCart"},{"name":"severity","value":"critical"},{"name":"tag","value":"allure.label.jira:AE-2"},{"name":"host","value":"fv-az881-86"},{"name":"thread","value":"2124@fv-az881-86.main(1)"},{"name":"feature","value":"Cenarios de teste da página de carrinho"},{"name":"story","value":"Adicionando um produto ao carrinho com sucesso pelos hovers"},{"name":"suite","value":"Cenarios de teste da página de carrinho"},{"name":"testClass","value":"Adicionando um produto ao carrinho com sucesso pelos hovers"},{"name":"framework","value":"cucumber4jvm"},{"name":"language","value":"java"},{"name":"gherkin_uri","value":"file:///home/runner/work/PortifolioSelenium2.0/PortifolioSelenium2.0/src/test/java/br/com/oticasdiniz/features/CartPage.feature"},{"name":"package","value":"src.test.java.br.com.oticasdiniz.features.CartPage_feature.Cenarios de teste da página de carrinho"},{"name":"resultFormat","value":"allure2"}],"parameters":[],"links":[],"hidden":false,"retry":false,"extra":{"severity":"critical","retries":[],"categories":[],"history":{"statistic":{"failed":0,"broken":0,"skipped":1,"passed":6,"unknown":0,"total":7},"items":[{"uid":"cbaec77394cde136","reportUrl":"https://RafaelMacabu.github.io/PortifolioSelenium2.0/8//#testresult/cbaec77394cde136","status":"passed","time":{"start":1716692601374,"stop":1716692630502,"duration":29128}},{"uid":"c37ac13b57089dc1","reportUrl":"https://RafaelMacabu.github.io/PortifolioSelenium2.0/7//#testresult/c37ac13b57089dc1","status":"passed","time":{"start":1716322660170,"stop":1716322685476,"duration":25306}},{"uid":"b412340cc8aeeba3","reportUrl":"https://RafaelMacabu.github.io/PortifolioSelenium2.0/6//#testresult/b412340cc8aeeba3","status":"passed","time":{"start":1716254211558,"stop":1716254238462,"duration":26904}},{"uid":"dfb4a4f646b5e2b0","reportUrl":"https://RafaelMacabu.github.io/PortifolioSelenium2.0/5//#testresult/dfb4a4f646b5e2b0","status":"passed","time":{"start":1716253890252,"stop":1716253918356,"duration":28104}},{"uid":"9fb1919eea74da2d","reportUrl":"https://RafaelMacabu.github.io/PortifolioSelenium2.0/4//#testresult/9fb1919eea74da2d","status":"passed","time":{"start":1716253664722,"stop":1716253689436,"duration":24714}},{"uid":"27ac4256eda3d19a","reportUrl":"https://RafaelMacabu.github.io/PortifolioSelenium2.0/3//#testresult/27ac4256eda3d19a","status":"passed","time":{"start":1716252430211,"stop":1716252454173,"duration":23962}}]},"tags":["Test","TestCart","allure.label.epic:Testes_carrinho","allure.label.jira:AE-2"]},"source":"2e2dcf61129a6247.json","parameterValues":[]}