{"uid":"d04fe62cf8ef8b20","name":"Achando a loja mais perto de um local","fullName":"src/test/java/br/com/oticasdiniz/features/HomePage.feature:9","historyId":"53325d286b91e6e6a1cca629736e32d0","time":{"start":1718238711449,"stop":1718238712101,"duration":652},"status":"skipped","statusMessage":"Could not start a new session. Response code 500. Message: session not created: Chrome failed to start: exited normally.\n  (session not created: DevToolsActivePort file doesn't exist)\n  (The process started from chrome location /opt/google/chrome/chrome is no longer running, so ChromeDriver is assuming that Chrome has crashed.) \nHost info: host: 'fv-az881-86', ip: '10.1.0.151'\nBuild info: version: '4.8.2', revision: '826dbfc730'\nSystem info: os.name: 'Linux', os.arch: 'amd64', os.version: '6.5.0-1021-azure', java.version: '17.0.11'\nDriver info: org.openqa.selenium.chrome.ChromeDriver\nCommand: [null, newSession {capabilities=[Capabilities {browserName: chrome, goog:chromeOptions: {args: [--remote-allow-origins=*], extensions: []}}], desiredCapabilities=Capabilities {browserName: chrome, goog:chromeOptions: {args: [--remote-allow-origins=*], extensions: []}}}]","statusTrace":"org.openqa.selenium.SessionNotCreatedException: Could not start a new session. Response code 500. Message: session not created: Chrome failed to start: exited normally.\n  (session not created: DevToolsActivePort file doesn't exist)\n  (The process started from chrome location /opt/google/chrome/chrome is no longer running, so ChromeDriver is assuming that Chrome has crashed.) \nHost info: host: 'fv-az881-86', ip: '10.1.0.151'\nBuild info: version: '4.8.2', revision: '826dbfc730'\nSystem info: os.name: 'Linux', os.arch: 'amd64', os.version: '6.5.0-1021-azure', java.version: '17.0.11'\nDriver info: org.openqa.selenium.chrome.ChromeDriver\nCommand: [null, newSession {capabilities=[Capabilities {browserName: chrome, goog:chromeOptions: {args: [--remote-allow-origins=*], extensions: []}}], desiredCapabilities=Capabilities {browserName: chrome, goog:chromeOptions: {args: [--remote-allow-origins=*], extensions: []}}}]\n\tat org.openqa.selenium.remote.ProtocolHandshake.createSession(ProtocolHandshake.java:148)\n\tat org.openqa.selenium.remote.ProtocolHandshake.createSession(ProtocolHandshake.java:106)\n\tat org.openqa.selenium.remote.ProtocolHandshake.createSession(ProtocolHandshake.java:67)\n\tat org.openqa.selenium.remote.HttpCommandExecutor.execute(HttpCommandExecutor.java:165)\n\tat org.openqa.selenium.remote.service.DriverCommandExecutor.invokeExecute(DriverCommandExecutor.java:183)\n\tat org.openqa.selenium.remote.service.DriverCommandExecutor.execute(DriverCommandExecutor.java:158)\n\tat org.openqa.selenium.remote.RemoteWebDriver.execute(RemoteWebDriver.java:543)\n\tat org.openqa.selenium.remote.RemoteWebDriver.startSession(RemoteWebDriver.java:229)\n\tat org.openqa.selenium.remote.RemoteWebDriver.<init>(RemoteWebDriver.java:157)\n\tat org.openqa.selenium.chromium.ChromiumDriver.<init>(ChromiumDriver.java:101)\n\tat org.openqa.selenium.chrome.ChromeDriver.<init>(ChromeDriver.java:88)\n\tat org.openqa.selenium.chrome.ChromeDriver.<init>(ChromeDriver.java:84)\n\tat org.openqa.selenium.chrome.ChromeDriver.<init>(ChromeDriver.java:52)\n\tat br.com.oticasdiniz.factory.ChromeDriverManager.createDriver(ChromeDriverManager.java:12)\n\tat br.com.oticasdiniz.base.BaseTest.setup(BaseTest.java:43)\n\tat br.com.oticasdiniz.stepdef.Hooks.before(Hooks.java:16)\n","flaky":false,"newFailed":false,"newBroken":false,"newPassed":false,"retriesCount":0,"retriesStatusChange":false,"beforeStages":[{"name":"br.com.oticasdiniz.stepdef.Hooks.before(io.cucumber.java.Scenario)","time":{"start":1718238711449,"stop":1718238712098,"duration":649},"status":"broken","statusMessage":"BEFORE is failed: Could not start a new session. Response code 500. Message: session not created: Chrome failed to start: exited normally.\n  (session not created: DevToolsActivePort file doesn't exist)\n  (The process started from chrome location /opt/google/chrome/chrome is no longer running, so ChromeDriver is assuming that Chrome has crashed.) \nHost info: host: 'fv-az881-86', ip: '10.1.0.151'\nBuild info: version: '4.8.2', revision: '826dbfc730'\nSystem info: os.name: 'Linux', os.arch: 'amd64', os.version: '6.5.0-1021-azure', java.version: '17.0.11'\nDriver info: org.openqa.selenium.chrome.ChromeDriver\nCommand: [null, newSession {capabilities=[Capabilities {browserName: chrome, goog:chromeOptions: {args: [--remote-allow-origins=*], extensions: []}}], desiredCapabilities=Capabilities {browserName: chrome, goog:chromeOptions: {args: [--remote-allow-origins=*], extensions: []}}}]","statusTrace":"org.openqa.selenium.SessionNotCreatedException: Could not start a new session. Response code 500. Message: session not created: Chrome failed to start: exited normally.\n  (session not created: DevToolsActivePort file doesn't exist)\n  (The process started from chrome location /opt/google/chrome/chrome is no longer running, so ChromeDriver is assuming that Chrome has crashed.) \nHost info: host: 'fv-az881-86', ip: '10.1.0.151'\nBuild info: version: '4.8.2', revision: '826dbfc730'\nSystem info: os.name: 'Linux', os.arch: 'amd64', os.version: '6.5.0-1021-azure', java.version: '17.0.11'\nDriver info: org.openqa.selenium.chrome.ChromeDriver\nCommand: [null, newSession {capabilities=[Capabilities {browserName: chrome, goog:chromeOptions: {args: [--remote-allow-origins=*], extensions: []}}], desiredCapabilities=Capabilities {browserName: chrome, goog:chromeOptions: {args: [--remote-allow-origins=*], extensions: []}}}]\n\tat org.openqa.selenium.remote.ProtocolHandshake.createSession(ProtocolHandshake.java:148)\n\tat org.openqa.selenium.remote.ProtocolHandshake.createSession(ProtocolHandshake.java:106)\n\tat org.openqa.selenium.remote.ProtocolHandshake.createSession(ProtocolHandshake.java:67)\n\tat org.openqa.selenium.remote.HttpCommandExecutor.execute(HttpCommandExecutor.java:165)\n\tat org.openqa.selenium.remote.service.DriverCommandExecutor.invokeExecute(DriverCommandExecutor.java:183)\n\tat org.openqa.selenium.remote.service.DriverCommandExecutor.execute(DriverCommandExecutor.java:158)\n\tat org.openqa.selenium.remote.RemoteWebDriver.execute(RemoteWebDriver.java:543)\n\tat org.openqa.selenium.remote.RemoteWebDriver.startSession(RemoteWebDriver.java:229)\n\tat org.openqa.selenium.remote.RemoteWebDriver.<init>(RemoteWebDriver.java:157)\n\tat org.openqa.selenium.chromium.ChromiumDriver.<init>(ChromiumDriver.java:101)\n\tat org.openqa.selenium.chrome.ChromeDriver.<init>(ChromeDriver.java:88)\n\tat org.openqa.selenium.chrome.ChromeDriver.<init>(ChromeDriver.java:84)\n\tat org.openqa.selenium.chrome.ChromeDriver.<init>(ChromeDriver.java:52)\n\tat br.com.oticasdiniz.factory.ChromeDriverManager.createDriver(ChromeDriverManager.java:12)\n\tat br.com.oticasdiniz.base.BaseTest.setup(BaseTest.java:43)\n\tat br.com.oticasdiniz.stepdef.Hooks.before(Hooks.java:16)\n","steps":[],"attachments":[],"parameters":[],"shouldDisplayMessage":true,"stepsCount":0,"attachmentsCount":0,"hasContent":true}],"testStage":{"status":"skipped","statusMessage":"Could not start a new session. Response code 500. Message: session not created: Chrome failed to start: exited normally.\n  (session not created: DevToolsActivePort file doesn't exist)\n  (The process started from chrome location /opt/google/chrome/chrome is no longer running, so ChromeDriver is assuming that Chrome has crashed.) \nHost info: host: 'fv-az881-86', ip: '10.1.0.151'\nBuild info: version: '4.8.2', revision: '826dbfc730'\nSystem info: os.name: 'Linux', os.arch: 'amd64', os.version: '6.5.0-1021-azure', java.version: '17.0.11'\nDriver info: org.openqa.selenium.chrome.ChromeDriver\nCommand: [null, newSession {capabilities=[Capabilities {browserName: chrome, goog:chromeOptions: {args: [--remote-allow-origins=*], extensions: []}}], desiredCapabilities=Capabilities {browserName: chrome, goog:chromeOptions: {args: [--remote-allow-origins=*], extensions: []}}}]","statusTrace":"org.openqa.selenium.SessionNotCreatedException: Could not start a new session. Response code 500. Message: session not created: Chrome failed to start: exited normally.\n  (session not created: DevToolsActivePort file doesn't exist)\n  (The process started from chrome location /opt/google/chrome/chrome is no longer running, so ChromeDriver is assuming that Chrome has crashed.) \nHost info: host: 'fv-az881-86', ip: '10.1.0.151'\nBuild info: version: '4.8.2', revision: '826dbfc730'\nSystem info: os.name: 'Linux', os.arch: 'amd64', os.version: '6.5.0-1021-azure', java.version: '17.0.11'\nDriver info: org.openqa.selenium.chrome.ChromeDriver\nCommand: [null, newSession {capabilities=[Capabilities {browserName: chrome, goog:chromeOptions: {args: [--remote-allow-origins=*], extensions: []}}], desiredCapabilities=Capabilities {browserName: chrome, goog:chromeOptions: {args: [--remote-allow-origins=*], extensions: []}}}]\n\tat org.openqa.selenium.remote.ProtocolHandshake.createSession(ProtocolHandshake.java:148)\n\tat org.openqa.selenium.remote.ProtocolHandshake.createSession(ProtocolHandshake.java:106)\n\tat org.openqa.selenium.remote.ProtocolHandshake.createSession(ProtocolHandshake.java:67)\n\tat org.openqa.selenium.remote.HttpCommandExecutor.execute(HttpCommandExecutor.java:165)\n\tat org.openqa.selenium.remote.service.DriverCommandExecutor.invokeExecute(DriverCommandExecutor.java:183)\n\tat org.openqa.selenium.remote.service.DriverCommandExecutor.execute(DriverCommandExecutor.java:158)\n\tat org.openqa.selenium.remote.RemoteWebDriver.execute(RemoteWebDriver.java:543)\n\tat org.openqa.selenium.remote.RemoteWebDriver.startSession(RemoteWebDriver.java:229)\n\tat org.openqa.selenium.remote.RemoteWebDriver.<init>(RemoteWebDriver.java:157)\n\tat org.openqa.selenium.chromium.ChromiumDriver.<init>(ChromiumDriver.java:101)\n\tat org.openqa.selenium.chrome.ChromeDriver.<init>(ChromeDriver.java:88)\n\tat org.openqa.selenium.chrome.ChromeDriver.<init>(ChromeDriver.java:84)\n\tat org.openqa.selenium.chrome.ChromeDriver.<init>(ChromeDriver.java:52)\n\tat br.com.oticasdiniz.factory.ChromeDriverManager.createDriver(ChromeDriverManager.java:12)\n\tat br.com.oticasdiniz.base.BaseTest.setup(BaseTest.java:43)\n\tat br.com.oticasdiniz.stepdef.Hooks.before(Hooks.java:16)\n","steps":[{"name":"Dado  que estou na página inicial","time":{"start":1718238712098,"stop":1718238712099,"duration":1},"status":"skipped","steps":[],"attachments":[],"parameters":[],"shouldDisplayMessage":false,"stepsCount":0,"attachmentsCount":0,"hasContent":false},{"name":"E  clicar no botão encontre uma diniz","time":{"start":1718238712099,"stop":1718238712099,"duration":0},"status":"skipped","steps":[],"attachments":[],"parameters":[],"shouldDisplayMessage":false,"stepsCount":0,"attachmentsCount":0,"hasContent":false},{"name":"E  e inserir \"Campos dos Goytacazes\" no campo informe seu endereço","time":{"start":1718238712099,"stop":1718238712099,"duration":0},"status":"skipped","steps":[],"attachments":[],"parameters":[],"shouldDisplayMessage":false,"stepsCount":0,"attachmentsCount":0,"hasContent":false},{"name":"Quando  selecionar o primeiro resultado da lista","time":{"start":1718238712099,"stop":1718238712099,"duration":0},"status":"skipped","steps":[],"attachments":[],"parameters":[],"shouldDisplayMessage":false,"stepsCount":0,"attachmentsCount":0,"hasContent":false},{"name":"Entao  encontrará uma loja no local informado","time":{"start":1718238712100,"stop":1718238712100,"duration":0},"status":"skipped","steps":[],"attachments":[],"parameters":[],"shouldDisplayMessage":false,"stepsCount":0,"attachmentsCount":0,"hasContent":false}],"attachments":[],"parameters":[],"shouldDisplayMessage":true,"stepsCount":5,"attachmentsCount":0,"hasContent":true},"afterStages":[{"name":"br.com.oticasdiniz.stepdef.Hooks.after(io.cucumber.java.Scenario)","time":{"start":1718238712100,"stop":1718238712100,"duration":0},"status":"broken","statusMessage":"AFTER is failed: Cannot invoke \"org.openqa.selenium.WebDriver.quit()\" because the return value of \"br.com.oticasdiniz.base.BaseTest.getDriver()\" is null","statusTrace":"java.lang.NullPointerException: Cannot invoke \"org.openqa.selenium.WebDriver.quit()\" because the return value of \"br.com.oticasdiniz.base.BaseTest.getDriver()\" is null\n\tat br.com.oticasdiniz.base.BaseTest.teardown(BaseTest.java:51)\n\tat br.com.oticasdiniz.stepdef.Hooks.after(Hooks.java:25)\n","steps":[],"attachments":[],"parameters":[],"shouldDisplayMessage":true,"stepsCount":0,"attachmentsCount":0,"hasContent":true}],"labels":[{"name":"tag","value":"allure.label.epic:Testes_home"},{"name":"tag","value":"Test"},{"name":"tag","value":"TestHome"},{"name":"host","value":"fv-az881-86"},{"name":"thread","value":"2124@fv-az881-86.main(1)"},{"name":"feature","value":"Cenarios de teste da página home"},{"name":"story","value":"Achando a loja mais perto de um local"},{"name":"suite","value":"Cenarios de teste da página home"},{"name":"testClass","value":"Achando a loja mais perto de um local"},{"name":"framework","value":"cucumber4jvm"},{"name":"language","value":"java"},{"name":"gherkin_uri","value":"file:///home/runner/work/PortifolioSelenium2.0/PortifolioSelenium2.0/src/test/java/br/com/oticasdiniz/features/HomePage.feature"},{"name":"package","value":"src.test.java.br.com.oticasdiniz.features.HomePage_feature.Cenarios de teste da página home"},{"name":"resultFormat","value":"allure2"}],"parameters":[],"links":[],"hidden":false,"retry":false,"extra":{"severity":"normal","retries":[],"categories":[],"history":{"statistic":{"failed":0,"broken":0,"skipped":1,"passed":6,"unknown":0,"total":7},"items":[{"uid":"851d8bee951f60eb","reportUrl":"https://RafaelMacabu.github.io/PortifolioSelenium2.0/8//#testresult/851d8bee951f60eb","status":"passed","time":{"start":1716692630511,"stop":1716692645555,"duration":15044}},{"uid":"633dde4335d701d3","reportUrl":"https://RafaelMacabu.github.io/PortifolioSelenium2.0/7//#testresult/633dde4335d701d3","status":"passed","time":{"start":1716322685485,"stop":1716322698877,"duration":13392}},{"uid":"697f1b50def40c34","reportUrl":"https://RafaelMacabu.github.io/PortifolioSelenium2.0/6//#testresult/697f1b50def40c34","status":"passed","time":{"start":1716254238474,"stop":1716254252669,"duration":14195}},{"uid":"f6bd39cce4cd7621","reportUrl":"https://RafaelMacabu.github.io/PortifolioSelenium2.0/5//#testresult/f6bd39cce4cd7621","status":"passed","time":{"start":1716253918367,"stop":1716253932821,"duration":14454}},{"uid":"764a33a8b852d3b1","reportUrl":"https://RafaelMacabu.github.io/PortifolioSelenium2.0/4//#testresult/764a33a8b852d3b1","status":"passed","time":{"start":1716253689446,"stop":1716253701739,"duration":12293}},{"uid":"527cb603145711c","reportUrl":"https://RafaelMacabu.github.io/PortifolioSelenium2.0/3//#testresult/527cb603145711c","status":"passed","time":{"start":1716252454183,"stop":1716252468034,"duration":13851}}]},"tags":["allure.label.epic:Testes_home","Test","TestHome"]},"source":"d04fe62cf8ef8b20.json","parameterValues":[]}